<?xml version="1.0" encoding="utf-8"?><testsuites name="pytest tests"><testsuite name="pytest" errors="0" failures="1" skipped="0" tests="19" time="4.036" timestamp="2026-05-12T06:00:02.500009+00:00" hostname="agent-env-15391568-0a7a-4f4a-9a14-b5c6f33c0877"><testcase classname="backend.tests.test_anamcara" name="test_root" time="0.224" /><testcase classname="backend.tests.test_anamcara" name="test_modes_nine" time="0.044"><failure message="AssertionError: assert ('slug' in {'description': 'For moments when thoughts feel scattered and nothing seems to make full sense.', 'name': 'Confusion', 'palette': 'confusion', 'slug': 'confusion', ...} and 'label' in {'description': 'For moments when thoughts feel scattered and nothing seems to make full sense.', 'name': 'Confusion', 'palette': 'confusion', 'slug': 'confusion', ...})">backend/tests/test_anamcara.py:55: in test_modes_nine
    assert "slug" in m and "label" in m
E   AssertionError: assert ('slug' in {'description': 'For moments when thoughts feel scattered and nothing seems to make full sense.', 'name': 'Confusion', 'palette': 'confusion', 'slug': 'confusion', ...} and 'label' in {'description': 'For moments when thoughts feel scattered and nothing seems to make full sense.', 'name': 'Confusion', 'palette': 'confusion', 'slug': 'confusion', ...})</failure></testcase><testcase classname="backend.tests.test_anamcara" name="test_quiz_each_mode" time="0.408" /><testcase classname="backend.tests.test_anamcara" name="test_quiz_not_found" time="0.041" /><testcase classname="backend.tests.test_anamcara" name="test_quiz_submit_returns_reflection" time="0.090" /><testcase classname="backend.tests.test_anamcara" name="test_quiz_submit_unknown_mode" time="0.079" /><testcase classname="backend.tests.test_anamcara" name="test_wall_post_too_short" time="0.082" /><testcase classname="backend.tests.test_anamcara" name="test_wall_post_creates_pending" time="0.080" /><testcase classname="backend.tests.test_anamcara" name="test_wall_post_flags_url" time="0.042" /><testcase classname="backend.tests.test_anamcara" name="test_wall_get_only_approved" time="0.424" /><testcase classname="backend.tests.test_anamcara" name="test_login_invalid" time="0.303" /><testcase classname="backend.tests.test_anamcara" name="test_me_requires_auth" time="0.126" /><testcase classname="backend.tests.test_anamcara" name="test_me_with_token" time="0.138" /><testcase classname="backend.tests.test_anamcara" name="test_admin_reflections_requires_auth" time="0.149" /><testcase classname="backend.tests.test_anamcara" name="test_admin_reflections_list" time="0.345" /><testcase classname="backend.tests.test_anamcara" name="test_admin_approve_then_appears_on_wall" time="0.455" /><testcase classname="backend.tests.test_anamcara" name="test_admin_delete" time="0.285" /><testcase classname="backend.tests.test_anamcara" name="test_admin_stats" time="0.165" /><testcase classname="backend.tests.test_anamcara" name="test_quiz_story_uses_approved_wall" time="0.358" /></testsuite></testsuites>